DEBUG:root:this is a debug log
INFO:root:this is a INFO log
WARNING:root:this is a WARNING log
ERROR:root:this is a ERROR log
CRITICAL:root:this is a CRITICAL log
DEBUG:root:THIS IS A DEBUG LOG
INFO:root:THIS IS A DEBUG INFO
WARNING:root:THIS IS A DEBUG WARNING
ERROR:root:THIS IS A DEBUG ERROR
CRITICAL:root:THIS IS A DEBUG CRITICAL
2018-12-07 13:46:29,099=====DEBUG+++++this is a debug log
2018-12-07 13:46:29,100=====INFO+++++this is a INFO log
2018-12-07 13:46:29,101=====WARNING+++++this is a WARNING log
2018-12-07 13:46:29,101=====ERROR+++++this is a ERROR log
2018-12-07 13:46:29,101=====CRITICAL+++++this is a CRITICAL log
2018-12-07 13:46:29,101=====DEBUG+++++THIS IS A DEBUG LOG
2018-12-07 13:46:29,101=====INFO+++++THIS IS A DEBUG INFO
2018-12-07 13:46:29,101=====WARNING+++++THIS IS A DEBUG WARNING
2018-12-07 13:46:29,102=====ERROR+++++THIS IS A DEBUG ERROR
2018-12-07 13:46:29,102=====CRITICAL+++++THIS IS A DEBUG CRITICAL
